[USB_IF2] SET_INTERFACE alt=1 (OPEN) speed=FS
[USB_IF2] EP#3 and EP#83 opened, receiving enabled
[CMD] 0x20 len=1
[VND_RCV] #12 CMD 0x20 len=1
[CMD] 0x31 len=1
[VND_RCV] #13 CMD 0x31 len=1
[CMD] 0x31 len=1
[VND_RCV] #14 CMD 0x31 len=1
[CMD] 0x31 len=1
[VND_RCV] #15 CMD 0x31 len=1
[CMD] 0x31 len=1
[VND_RCV] #16 CMD 0x31 len=1
[CMD] 0x31 len=1
[VND_RCV] #17 CMD 0x31 len=1
[CMD] 0x31 len=1
[VND_RCV] #18 CMD 0x31 len=1
[CMD] 0x31 len=1
[VND_RCV] #19 CMD 0x31 len=1
[CMD] 0x31 len=1
[VND_RCV] #20 CMD 0x31 len=1
[USB_IF2] SET_INTERFACE alt=1 (OPEN) speed=FS
[USB_IF2] EP#3 and EP#83 opened, receiving enabled
[USB_IF2] SET_INTERFACE alt=0 (CLOSE)
[USB_IF2] SET_INTERFACE alt=1 (OPEN) speed=FS
[USB_IF2] EP#3 and EP#83 opened, receiving enabled
[CMD] 0x20 len=1
[VND_RCV] #21 CMD 0x20 len=1
[CMD] 0x31 len=1
[VND_RCV] #22 CMD 0x31 len=1
[CMD] 0x31 len=1
[VND_RCV] #23 CMD 0x31 len=1
[CMD] 0x31 len=1
[VND_RCV] #24 CMD 0x31 len=1
[CMD] 0x31 len=1
[VND_RCV] #25 CMD 0x31 len=1
[CMD] 0x31 len=1
[VND_RCV] #26 CMD 0x31 len=1
[CMD] 0x31 len=1
[VND_RCV] #27 CMD 0x31 len=1
[CMD] 0x31 len=1
[VND_RCV] #28 CMD 0x31 len=1
[CMD] 0x31 len=1
[VND_RCV] #29 CMD 0x31 len=1
[CMD] 0x31 len=1
[VND_RCV] #30 CMD 0x31 len=1
[CMD] 0x31 len=1
[VND_RCV] #31 CMD 0x31 len=1
[CMD] 0x31 len=1
[VND_RCV] #32 CMD 0x31 len=1
[CMD] 0x31 len=1
[VND_RCV] #33 CMD 0x31 len=1
[CMD] 0x31 len=1
[VND_RCV] #34 CMD 0x31 len=1
[CMD] 0x31 len=1
[VND_RCV] #35 CMD 0x31 len=1
[CMD] 0x31 len=1
[VND_RCV] #36 CMD 0x31 len=1
[CMD] 0x31 len=1
[VND_RCV] #37 CMD 0x31 len=1
[CMD] 0x31 len=1
[VND_RCV] #38 CMD 0x31 len=1
[CMD] 0x31 len=1
[VND_RCV] #39 CMD 0x31 len=1
[CMD] 0x31 len=1
[VND_RCV] #40 CMD 0x31 len=1
[CMD] 0x31 len=1
[VND_RCV] #41 CMD 0x31 len=1
[CMD] 0x31 len=1
[VND_RCV] #42 CMD 0x31 len=1
[CMD] 0x31 len=1
[VND_RCV] #43 CMD 0x31 len=1
[CMD] 0x31 len=1
[VND_RCV] #44 CMD 0x31 len=1
[CMD] 0x31 len=1
[VND_RCV] #45 CMD 0x31 len=1
[CMD] 0x31 len=1
[VND_RCV] #46 CMD 0x31 len=1
[CMD] 0x31 len=1
[VND_RCV] #47 CMD 0x31 len=1
[CMD] 0x31 len=1
[VND_RCV] #48 CMD 0x31 len=1
[CMD] 0x31 len=1
[VND_RCV] #49 CMD 0x31 len=1
[CMD] 0x31 len=1
[VND_RCV] #50 CMD 0x31 len=1
[CMD] 0x31 len=1
[VND_RCV] #51 CMD 0x31 len=1
[CMD] 0x31 len=1
[VND_RCV] #52 CMD 0x31 len=1
[CMD] 0x31 len=1
[VND_RCV] #53 CMD 0x31 len=1
[CMD] 0x31 len=1
[VND_RCV] #54 CMD 0x31 len=1
[CMD] 0x31 len=1
[VND_RCV] #55 CMD 0x31 len=1
[CMD] 0x31 len=1
[VND_RCV] #56 CMD 0x31 len=1
[CMD] 0x31 len=1
[VND_RCV] #57 CMD 0x31 len=1
[CMD] 0x31 len=1
[VND_RCV] #58 CMD 0x31 len=1
[CMD] 0x31 len=1
[VND_RCV] #59 CMD 0x31 len=1
[CMD] 0x31 len=1
[VND_RCV] #60 CMD 0x31 len=1
[CMD] 0x31 len=1
[VND_RCV] #61 CMD 0x31 len=1
[CMD] 0x31 len=1
[VND_RCV] #62 CMD 0x31 len=1
[CMD] 0x31 len=1
[VND_RCV] #63 CMD 0x31 len=1
[CMD] 0x31 len=1
[VND_RCV] #64 CMD 0x31 len=1
[CMD] 0x31 len=1
[VND_RCV] #65 CMD 0x31 len=1
[CMD] 0x31 len=1
[VND_RCV] #66 CMD 0x31 len=1
[CMD] 0x31 len=1
[VND_RCV] #67 CMD 0x31 len=1
[CMD] 0x31 len=1
[VND_RCV] #68 CMD 0x31 len=1
[CMD] 0x31 len=1
[VND_RCV] #69 CMD 0x31 len=1
[CMD] 0x31 len=1
[VND_RCV] #70 CMD 0x31 len=1
[CMD] 0x31 len=1
[VND_RCV] #71 CMD 0x31 len=1
[CMD] 0x31 len=1
[VND_RCV] #72 CMD 0x31 len=1
[CMD] 0x31 len=1
[VND_RCV] #73 CMD 0x31 len=1
[CMD] 0x31 len=1
[VND_RCV] #74 CMD 0x31 len=1
[CMD] 0x31 len=1
[VND_RCV] #75 CMD 0x31 len=1
[CMD] 0x31 len=1
[VND_RCV] #76 CMD 0x31 len=1
[CMD] 0x31 len=1
[VND_RCV] #77 CMD 0x31 len=1
[CMD] 0x31 len=1
[VND_RCV] #78 CMD 0x31 len=1
[CMD] 0x31 len=1
[VND_RCV] #79 CMD 0x31 len=1
[CMD] 0x31 len=1
[VND_RCV] #80 CMD 0x31 len=1
[CMD] 0x31 len=1
[VND_RCV] #81 CMD 0x31 len=1
[CMD] 0x31 len=1
[VND_RCV] #82 CMD 0x31 len=1
[CMD] 0x31 len=1
[VND_RCV] #83 CMD 0x31 len=1
[CMD] 0x31 len=1
[VND_RCV] #84 CMD 0x31 len=1
[CMD] 0x31 len=1
[VND_RCV] #85 CMD 0x31 len=1
[CMD] 0x31 len=1
[VND_RCV] #86 CMD 0x31 len=1
[CMD] 0x31 len=1
[VND_RCV] #87 CMD 0x31 len=1
[CMD] 0x31 len=1
[VND_RCV] #88 CMD 0x31 len=1
[CMD] 0x31 len=1
[VND_RCV] #89 CMD 0x31 len=1
[CMD] 0x31 len=1
[VND_RCV] #90 CMD 0x31 len=1
[CMD] 0x31 len=1
[VND_RCV] #91 CMD 0x31 len=1
[CMD] 0x31 len=1
[VND_RCV] #92 CMD 0x31 len=1
[CMD] 0x31 len=1
[VND_RCV] #93 CMD 0x31 len=1
[CMD] 0x31 len=1
[VND_RCV] #94 CMD 0x31 len=1
[CMD] 0x31 len=1
[VND_RCV] #95 CMD 0x31 len=1
[CMD] 0x31 len=1
[VND_RCV] #96 CMD 0x31 len=1
[CMD] 0x31 len=1
[VND_RCV] #97 CMD 0x31 len=1
[CMD] 0x31 len=1
[VND_RCV] #98 CMD 0x31 len=1
[CMD] 0x31 len=1
[VND_RCV] #99 CMD 0x31 len=1
[CMD] 0x31 len=1
[VND_RCV] #100 CMD 0x31 len=1
[CMD] 0x31 len=1
[VND_RCV] #101 CMD 0x31 len=1
[CMD] 0x31 len=1
[VND_RCV] #102 CMD 0x31 len=1
[CMD] 0x31 len=1
[VND_RCV] #103 CMD 0x31 len=1
[CMD] 0x31 len=1
[VND_RCV] #104 CMD 0x31 len=1
[CMD] 0x31 len=1
[VND_RCV] #105 CMD 0x31 len=1
[CMD] 0x31 len=1
[VND_RCV] #106 CMD 0x31 len=1
[CMD] 0x31 len=1
[VND_RCV] #107 CMD 0x31 len=1
[CMD] 0x31 len=1
[VND_RCV] #108 CMD 0x31 len=1
[CMD] 0x31 len=1
[VND_RCV] #109 CMD 0x31 len=1
[CMD] 0x31 len=1
[VND_RCV] #110 CMD 0x31 len=1
[CMD] 0x31 len=1
[VND_RCV] #111 CMD 0x31 len=1
[CMD] 0x31 len=1
[VND_RCV] #112 CMD 0x31 len=1
[CMD] 0x31 len=1
[VND_RCV] #113 CMD 0x31 len=1
[CMD] 0x31 len=1
[VND_RCV] #114 CMD 0x31 len=1
[CMD] 0x31 len=1
[VND_RCV] #115 CMD 0x31 len=1
[CMD] 0x31 len=1
[VND_RCV] #116 CMD 0x31 len=1
[CMD] 0x31 len=1
[VND_RCV] #117 CMD 0x31 len=1
[CMD] 0x31 len=1
[VND_RCV] #118 CMD 0x31 len=1
[CMD] 0x31 len=1
[VND_RCV] #119 CMD 0x31 len=1
[CMD] 0x31 len=1
[VND_RCV] #120 CMD 0x31 len=1
[CMD] 0x31 len=1
[VND_RCV] #121 CMD 0x31 len=1
[CMD] 0x31 len=1
[VND_RCV] #122 CMD 0x31 len=1
[CMD] 0x31 len=1
[VND_RCV] #123 CMD 0x31 len=1
[CMD] 0x31 len=1
[VND_RCV] #124 CMD 0x31 len=1
[CMD] 0x31 len=1
[VND_RCV] #125 CMD 0x31 len=1
[CMD] 0x31 len=1
[VND_RCV] #126 CMD 0x31 len=1
[CMD] 0x31 len=1
[VND_RCV] #127 CMD 0x31 len=1
[CMD] 0x31 len=1
[VND_RCV] #128 CMD 0x31 len=1
[CMD] 0x31 len=1
[VND_RCV] #129 CMD 0x31 len=1
[CMD] 0x31 len=1
[VND_RCV] #130 CMD 0x31 len=1
[CMD] 0x31 len=1
[VND_RCV] #131 CMD 0x31 len=1
[CMD] 0x31 len=1
[VND_RCV] #132 CMD 0x31 len=1
[CMD] 0x31 len=1
[VND_RCV] #133 CMD 0x31 len=1
[CMD] 0x31 len=1
[VND_RCV] #134 CMD 0x31 len=1
[CMD] 0x31 len=1
[VND_RCV] #135 CMD 0x31 len=1
[CMD] 0x31 len=1
[VND_RCV] #136 CMD 0x31 len=1
[CMD] 0x31 len=1
[VND_RCV] #137 CMD 0x31 len=1
[CMD] 0x31 len=1
[VND_RCV] #138 CMD 0x31 len=1
[CMD] 0x31 len=1
[VND_RCV] #139 CMD 0x31 len=1
[CMD] 0x31 len=1
[VND_RCV] #140 CMD 0x31 len=1
[CMD] 0x31 len=1
[VND_RCV] #141 CMD 0x31 len=1
[CMD] 0x31 len=1
[VND_RCV] #142 CMD 0x31 len=1
[CMD] 0x31 len=1
[VND_RCV] #143 CMD 0x31 len=1
[CMD] 0x31 len=1
[VND_RCV] #144 CMD 0x31 len=1
[CMD] 0x31 len=1
[VND_RCV] #145 CMD 0x31 len=1
[CMD] 0x31 len=1
[VND_RCV] #146 CMD 0x31 len=1
[CMD] 0x31 len=1
[VND_RCV] #147 CMD 0x31 len=1
[CMD] 0x31 len=1
[VND_RCV] #148 CMD 0x31 len=1
[CMD] 0x31 len=1
[VND_RCV] #149 CMD 0x31 len=1
[CMD] 0x31 len=1
[VND_RCV] #150 CMD 0x31 len=1
[CMD] 0x31 len=1
[VND_RCV] #151 CMD 0x31 len=1
[CMD] 0x31 len=1
[VND_RCV] #152 CMD 0x31 len=1
[CMD] 0x31 len=1
[VND_RCV] #153 CMD 0x31 len=1
[CMD] 0x31 len=1
[VND_RCV] #154 CMD 0x31 len=1
[CMD] 0x31 len=1
[VND_RCV] #155 CMD 0x31 len=1
[CMD] 0x31 len=1
[VND_RCV] #156 CMD 0x31 len=1
[CMD] 0x31 len=1
[VND_RCV] #157 CMD 0x31 len=1
[CMD] 0x31 len=1
[VND_RCV] #158 CMD 0x31 len=1
[CMD] 0x31 len=1
[VND_RCV] #159 CMD 0x31 len=1
[CMD] 0x31 len=1
[VND_RCV] #160 CMD 0x31 len=1
[CMD] 0x31 len=1
[VND_RCV] #161 CMD 0x31 len=1
[CMD] 0x31 len=1
[VND_RCV] #162 CMD 0x31 len=1
[CMD] 0x31 len=1
[VND_RCV] #163 CMD 0x31 len=1
[CMD] 0x31 len=1
[VND_RCV] #164 CMD 0x31 len=1
[CMD] 0x31 len=1
[VND_RCV] #165 CMD 0x31 len=1
[CMD] 0x31 len=1
[VND_RCV] #166 CMD 0x31 len=1
[CMD] 0x31 len=1
[VND_RCV] #167 CMD 0x31 len=1
[CMD] 0x31 len=1
[VND_RCV] #168 CMD 0x31 len=1
[CMD] 0x31 len=1
[VND_RCV] #169 CMD 0x31 len=1
[CMD] 0x31 len=1
[VND_RCV] #170 CMD 0x31 len=1
[CMD] 0x31 len=1
[VND_RCV] #171 CMD 0x31 len=1
[CMD] 0x31 len=1
[VND_RCV] #172 CMD 0x31 len=1
[CMD] 0x31 len=1
[VND_RCV] #173 CMD 0x31 len=1
[CMD] 0x31 len=1
[VND_RCV] #174 CMD 0x31 len=1
[CMD] 0x31 len=1
[VND_RCV] #175 CMD 0x31 len=1
[CMD] 0x31 len=1
[VND_RCV] #176 CMD 0x31 len=1
[CMD] 0x31 len=1
[VND_RCV] #177 CMD 0x31 len=1
[CMD] 0x31 len=1
[VND_RCV] #178 CMD 0x31 len=1
[CMD] 0x31 len=1
[VND_RCV] #179 CMD 0x31 len=1
[CMD] 0x31 len=1
[VND_RCV] #180 CMD 0x31 len=1
[CMD] 0x31 len=1
[VND_RCV] #181 CMD 0x31 len=1
[CMD] 0x31 len=1
[VND_RCV] #182 CMD 0x31 len=1
[CMD] 0x31 len=1
[VND_RCV] #183 CMD 0x31 len=1
[CMD] 0x31 len=1
[VND_RCV] #184 CMD 0x31 len=1
[CMD] 0x31 len=1
[VND_RCV] #185 CMD 0x31 len=1
[CMD] 0x31 len=1
[VND_RCV] #186 CMD 0x31 len=1
[CMD] 0x31 len=1
[VND_RCV] #187 CMD 0x31 len=1
[CMD] 0x31 len=1
[VND_RCV] #188 CMD 0x31 len=1
[CMD] 0x31 len=1
[VND_RCV] #189 CMD 0x31 len=1
[CMD] 0x31 len=1
[VND_RCV] #190 CMD 0x31 len=1
[CMD] 0x31 len=1
[VND_RCV] #191 CMD 0x31 len=1
[CMD] 0x31 len=1
[VND_RCV] #192 CMD 0x31 len=1
[CMD] 0x31 len=1
[VND_RCV] #193 CMD 0x31 len=1
[USB_IF2] SET_INTERFACE alt=0 (CLOSE)
[USB_IF2] SET_INTERFACE alt=0 (CLOSE)
